app/build/intermediates/manifest_merge_blame_file/debug/manifest-merger-blame-debug-report.txt
1<?xml version="1.0" encoding="utf-8"?>
2<manifest xmlns:android="http://schemas.android.com/apk/res/android"
3    package="com.example.sement_shop_mangement"
4    android:versionCode="1"
5    android:versionName="1.0" >
6
7    <uses-sdk
8        android:minSdkVersion="19"
8-->src\main\AndroidManifest.xml
9        android:targetSdkVersion="30" />
9-->src\main\AndroidManifest.xml
10
11    <!-- Although the *SdkVersion is captured in gradle build files, this is required for non gradle builds -->
12    <!-- <uses-sdk android:minSdkVersion="14"/> -->
13    <uses-permission android:name="android.permission.ACCESS_NETWORK_STATE" />
13-->[com.google.firebase:firebase-storage:20.0.0] AndroidManifest.xml:26:5-79
13-->[com.google.firebase:firebase-storage:20.0.0] AndroidManifest.xml:26:22-76
14    <uses-permission android:name="android.permission.INTERNET" />
14-->[com.google.firebase:firebase-storage:20.0.0] AndroidManifest.xml:27:5-67
14-->[com.google.firebase:firebase-storage:20.0.0] AndroidManifest.xml:27:22-64
15
16    <application
16-->src\main\AndroidManifest.xml:5:5-22:19
17        android:allowBackup="true"
17-->src\main\AndroidManifest.xml:6:9-35
18        android:appComponentFactory="androidx.core.app.CoreComponentFactory"
18-->[androidx.core:core:1.7.0] AndroidManifest.xml:24:18-86
19        android:debuggable="true"
20        android:icon="@mipmap/ic_launcher"
20-->src\main\AndroidManifest.xml:7:9-43
21        android:label="@string/app_name"
21-->src\main\AndroidManifest.xml:8:9-41
22        android:roundIcon="@mipmap/ic_launcher_round"
22-->src\main\AndroidManifest.xml:9:9-54
23        android:supportsRtl="true"
23-->src\main\AndroidManifest.xml:10:9-35
24        android:testOnly="true"
25        android:theme="@style/Theme.SEMENTShop_Mangement" >
25-->src\main\AndroidManifest.xml:11:9-58
26        <activity android:name="com.example.sement_shop_mangement.CreateDataPengeluaranActivity" />
26-->src\main\AndroidManifest.xml:12:9-76
26-->src\main\AndroidManifest.xml:12:19-64
27        <activity android:name="com.example.sement_shop_mangement.CreateDataPenjualanActivity" />
27-->src\main\AndroidManifest.xml:13:9-65
27-->src\main\AndroidManifest.xml:13:19-62
28        <activity android:name="com.example.sement_shop_mangement.SpalshActivity" >
28-->src\main\AndroidManifest.xml:14:9-20:20
28-->src\main\AndroidManifest.xml:14:19-49
29            <intent-filter>
29-->src\main\AndroidManifest.xml:15:13-19:29
30                <action android:name="android.intent.action.MAIN" />
30-->src\main\AndroidManifest.xml:16:17-69
30-->src\main\AndroidManifest.xml:16:25-66
31
32                <category android:name="android.intent.category.LAUNCHER" />
32-->src\main\AndroidManifest.xml:18:17-77
32-->src\main\AndroidManifest.xml:18:27-74
33            </intent-filter>
34        </activity>
35        <activity android:name="com.example.sement_shop_mangement.MainActivity" />
35-->src\main\AndroidManifest.xml:21:9-50
35-->src\main\AndroidManifest.xml:21:19-47
36
37        <service
37-->[com.google.firebase:firebase-database-ktx:20.0.3] AndroidManifest.xml:12:9-18:19
38            android:name="com.google.firebase.components.ComponentDiscoveryService"
38-->[com.google.firebase:firebase-database-ktx:20.0.3] AndroidManifest.xml:13:13-84
39            android:directBootAware="true"
39-->[com.google.firebase:firebase-common:20.0.0] AndroidManifest.xml:35:13-43
40            android:exported="false" >
40-->[com.google.firebase:firebase-database-ktx:20.0.3] AndroidManifest.xml:14:13-37
41            <meta-data
41-->[com.google.firebase:firebase-database-ktx:20.0.3] AndroidManifest.xml:15:13-17:85
42                android:name="com.google.firebase.components:com.google.firebase.database.ktx.FirebaseDatabaseKtxRegistrar"
42-->[com.google.firebase:firebase-database-ktx:20.0.3] AndroidManifest.xml:16:17-124
43                android:value="com.google.firebase.components.ComponentRegistrar" />
43-->[com.google.firebase:firebase-database-ktx:20.0.3] AndroidManifest.xml:17:17-82
44            <meta-data
44-->[com.google.firebase:firebase-common-ktx:20.0.0] AndroidManifest.xml:15:13-17:85
45                android:name="com.google.firebase.components:com.google.firebase.ktx.FirebaseCommonKtxRegistrar"
45-->[com.google.firebase:firebase-common-ktx:20.0.0] AndroidManifest.xml:16:17-113
46                android:value="com.google.firebase.components.ComponentRegistrar" />
46-->[com.google.firebase:firebase-common-ktx:20.0.0] AndroidManifest.xml:17:17-82
47            <meta-data
47-->[com.google.firebase:firebase-storage:20.0.0] AndroidManifest.xml:33:13-35:85
48                android:name="com.google.firebase.components:com.google.firebase.storage.StorageRegistrar"
48-->[com.google.firebase:firebase-storage:20.0.0] AndroidManifest.xml:34:17-107
49                android:value="com.google.firebase.components.ComponentRegistrar" />
49-->[com.google.firebase:firebase-storage:20.0.0] AndroidManifest.xml:35:17-82
50            <meta-data
50-->[com.google.firebase:firebase-database:20.0.3] AndroidManifest.xml:32:13-34:85
51                android:name="com.google.firebase.components:com.google.firebase.database.DatabaseRegistrar"
51-->[com.google.firebase:firebase-database:20.0.3] AndroidManifest.xml:33:17-109
52                android:value="com.google.firebase.components.ComponentRegistrar" />
52-->[com.google.firebase:firebase-database:20.0.3] AndroidManifest.xml:34:17-82
53        </service>
54
55        <provider
55-->[com.google.firebase:firebase-common:20.0.0] AndroidManifest.xml:26:9-31:39
56            android:name="com.google.firebase.provider.FirebaseInitProvider"
56-->[com.google.firebase:firebase-common:20.0.0] AndroidManifest.xml:27:13-77
57            android:authorities="com.example.sement_shop_mangement.firebaseinitprovider"
57-->[com.google.firebase:firebase-common:20.0.0] AndroidManifest.xml:28:13-72
58            android:directBootAware="true"
58-->[com.google.firebase:firebase-common:20.0.0] AndroidManifest.xml:29:13-43
59            android:exported="false"
59-->[com.google.firebase:firebase-common:20.0.0] AndroidManifest.xml:30:13-37
60            android:initOrder="100" />
60-->[com.google.firebase:firebase-common:20.0.0] AndroidManifest.xml:31:13-36
61
62        <activity
62-->[com.google.android.gms:play-services-base:17.1.0] AndroidManifest.xml:23:9-26:75
63            android:name="com.google.android.gms.common.api.GoogleApiActivity"
63-->[com.google.android.gms:play-services-base:17.1.0] AndroidManifest.xml:24:13-79
64            android:exported="false"
64-->[com.google.android.gms:play-services-base:17.1.0] AndroidManifest.xml:25:13-37
65            android:theme="@android:style/Theme.Translucent.NoTitleBar" />
65-->[com.google.android.gms:play-services-base:17.1.0] AndroidManifest.xml:26:13-72
66
67        <meta-data
67-->[com.google.android.gms:play-services-basement:17.0.0] AndroidManifest.xml:23:9-25:69
68            android:name="com.google.android.gms.version"
68-->[com.google.android.gms:play-services-basement:17.0.0] AndroidManifest.xml:24:13-58
69            android:value="@integer/google_play_services_version" />
69-->[com.google.android.gms:play-services-basement:17.0.0] AndroidManifest.xml:25:13-66
70
71        <provider
71-->[androidx.emoji2:emoji2:1.0.0] AndroidManifest.xml:26:9-34:20
72            android:name="androidx.startup.InitializationProvider"
72-->[androidx.emoji2:emoji2:1.0.0] AndroidManifest.xml:27:13-67
73            android:authorities="com.example.sement_shop_mangement.androidx-startup"
73-->[androidx.emoji2:emoji2:1.0.0] AndroidManifest.xml:28:13-68
74            android:exported="false" >
74-->[androidx.emoji2:emoji2:1.0.0] AndroidManifest.xml:29:13-37
75            <meta-data
75-->[androidx.emoji2:emoji2:1.0.0] AndroidManifest.xml:31:13-33:52
76                android:name="androidx.emoji2.text.EmojiCompatInitializer"
76-->[androidx.emoji2:emoji2:1.0.0] AndroidManifest.xml:32:17-75
77                android:value="androidx.startup" />
77-->[androidx.emoji2:emoji2:1.0.0] AndroidManifest.xml:33:17-49
78            <meta-data
78-->[androidx.lifecycle:lifecycle-process:2.4.0] AndroidManifest.xml:31:13-33:52
79                android:name="androidx.lifecycle.ProcessLifecycleInitializer"
79-->[androidx.lifecycle:lifecycle-process:2.4.0] AndroidManifest.xml:32:17-78
80                android:value="androidx.startup" />
80-->[androidx.lifecycle:lifecycle-process:2.4.0] AndroidManifest.xml:33:17-49
81        </provider>
82    </application>
83
84</manifest>